1-D ELASTO-PLASTICITY (RADIAL RETURN)

INPUT DATA
e         et        depp      akap      bet
200000000000.00 20000000000.00  400000000.00   1.00
FINAL VALUES
istep      isubin     jter       u          fnew
eppnew     tsg        ysc        akp        mstat
  1.00   1.00   2.00   0.00 160000.00
  0.00 16000000.00   0.00 400000000.00   1.00
FINAL VALUES
istep      isubin     jter       u          fnew
eppnew     tsg        ysc        akp        mstat
  1.00   2.00   2.00   0.00 320000.00
  0.00 32000000.00   0.00 400000000.00   1.00
FINAL VALUES
istep      isubin     jter       u          fnew
eppnew     tsg        ysc        akp        mstat
  1.00   3.00   2.00   0.00 480000.00
  0.00 48000000.00   0.00 400000000.00   1.00
FINAL VALUES
istep      isubin     jter       u          fnew
eppnew     tsg        ysc        akp        mstat
  1.00   4.00   2.00   0.00 640000.00
  0.00 64000000.00   0.00 400000000.00   1.00
FINAL VALUES
istep      isubin     jter       u          fnew
eppnew     tsg        ysc        akp        mstat
  1.00   5.00   2.00   0.00 800000.00
  0.00 80000000.00   0.00 400000000.00   1.00
FINAL VALUES
istep      isubin     jter       u          fnew
eppnew     tsg        ysc        akp        mstat
  1.00   6.00   2.00   0.00 960000.00
  0.00 96000000.00   0.00 400000000.00   1.00
FINAL VALUES
istep      isubin     jter       u          fnew
eppnew     tsg        ysc        akp        mstat
  1.00   7.00   2.00   0.00 1120000.00
  0.00 112000000.00   0.00 400000000.00   1.00
FINAL VALUES
istep      isubin     jter       u          fnew
eppnew     tsg        ysc        akp        mstat
  1.00   8.00   2.00   0.00 1280000.00
  0.00 128000000.00   0.00 400000000.00   1.00
FINAL VALUES
istep      isubin     jter       u          fnew
eppnew     tsg        ysc        akp        mstat
  1.00   9.00   2.00   0.00 1440000.00
  0.00 144000000.00   0.00 400000000.00   1.00
FINAL VALUES
istep      isubin     jter       u          fnew
eppnew     tsg        ysc        akp        mstat
  1.00  10.00   2.00   0.00 1600000.00
  0.00 160000000.00   0.00 400000000.00   1.00
FINAL VALUES
istep      isubin     jter       u          fnew
eppnew     tsg        ysc        akp        mstat
  2.00   1.00   2.00   0.00 1760000.00
  0.00 176000000.00   0.00 400000000.00   1.00
FINAL VALUES
istep      isubin     jter       u          fnew
eppnew     tsg        ysc        akp        mstat
  2.00   2.00   2.00   0.00 1920000.00
  0.00 192000000.00   0.00 400000000.00   1.00
FINAL VALUES
istep      isubin     jter       u          fnew
eppnew     tsg        ysc        akp        mstat
  2.00   3.00   2.00   0.00 2080000.00
  0.00 208000000.00   0.00 400000000.00   1.00
FINAL VALUES
istep      isubin     jter       u          fnew
eppnew     tsg        ysc        akp        mstat
  2.00   4.00   2.00   0.00 2240000.00
  0.00 224000000.00   0.00 400000000.00   1.00
FINAL VALUES
istep      isubin     jter       u          fnew
eppnew     tsg        ysc        akp        mstat
  2.00   5.00   2.00   0.00 2400000.00
  0.00 240000000.00   0.00 400000000.00   1.00
FINAL VALUES
istep      isubin     jter       u          fnew
eppnew     tsg        ysc        akp        mstat
  2.00   6.00   2.00   0.00 2560000.00
  0.00 256000000.00   0.00 400000000.00   1.00
FINAL VALUES
istep      isubin     jter       u          fnew
eppnew     tsg        ysc        akp        mstat
  2.00   7.00   2.00   0.00 2720000.00
  0.00 272000000.00   0.00 400000000.00   1.00
FINAL VALUES
istep      isubin     jter       u          fnew
eppnew     tsg        ysc        akp        mstat
  2.00   8.00   2.00   0.00 2880000.00
  0.00 288000000.00   0.00 400000000.00   1.00
FINAL VALUES
istep      isubin     jter       u          fnew
eppnew     tsg        ysc        akp        mstat
  2.00   9.00   2.00   0.00 3040000.00
  0.00 304000000.00   0.00 400000000.00   1.00
FINAL VALUES
istep      isubin     jter       u          fnew
eppnew     tsg        ysc        akp        mstat
  2.00  10.00   2.00   0.00 3200000.00
  0.00 320000000.00   0.00 400000000.00   1.00
FINAL VALUES
istep      isubin     jter       u          fnew
eppnew     tsg        ysc        akp        mstat
  3.00   1.00   2.00   0.00 3340000.00
  0.00 334000000.00   0.00 400000000.00   1.00
FINAL VALUES
istep      isubin     jter       u          fnew
eppnew     tsg        ysc        akp        mstat
  3.00   2.00   2.00   0.00 3480000.00
  0.00 348000000.00   0.00 400000000.00   1.00
FINAL VALUES
istep      isubin     jter       u          fnew
eppnew     tsg        ysc        akp        mstat
  3.00   3.00   2.00   0.00 3620000.00
  0.00 362000000.00   0.00 400000000.00   1.00
FINAL VALUES
istep      isubin     jter       u          fnew
eppnew     tsg        ysc        akp        mstat
  3.00   4.00   2.00   0.00 3760000.00
  0.00 376000000.00   0.00 400000000.00   1.00
FINAL VALUES
istep      isubin     jter       u          fnew
eppnew     tsg        ysc        akp        mstat
  3.00   5.00   2.00   0.00 3900000.00
  0.00 390000000.00   0.00 400000000.00   1.00
FINAL VALUES
istep      isubin     jter       u          fnew
eppnew     tsg        ysc        akp        mstat
  3.00   6.00   3.00   0.00 4040000.00
  0.00 404000000.00   0.00 404000000.00   2.00
FINAL VALUES
istep      isubin     jter       u          fnew
eppnew     tsg        ysc        akp        mstat
  3.00   7.00   3.00   0.00 4180000.00
  0.00 418000000.00   0.00 418000000.00   2.00
FINAL VALUES
istep      isubin     jter       u          fnew
eppnew     tsg        ysc        akp        mstat
  3.00   8.00   3.00   0.00 4320000.00
  0.00 432000000.00   0.00 432000000.00   2.00
FINAL VALUES
istep      isubin     jter       u          fnew
eppnew     tsg        ysc        akp        mstat
  3.00   9.00   3.00   0.00 4460000.00
  0.00 446000000.00   0.00 446000000.00   2.00
FINAL VALUES
istep      isubin     jter       u          fnew
eppnew     tsg        ysc        akp        mstat
  3.00  10.00   3.00   0.00 4600000.00
  0.00 460000000.00   0.00 460000000.00   2.00
FINAL VALUES
istep      isubin     jter       u          fnew
eppnew     tsg        ysc        akp        mstat
  4.00   1.00   2.00   0.00 3940000.00
  0.00 394000000.00   0.00 460000000.00   1.00
FINAL VALUES
istep      isubin     jter       u          fnew
eppnew     tsg        ysc        akp        mstat
  4.00   2.00   2.00   0.00 3280000.00
  0.00 328000000.00   0.00 460000000.00   1.00
FINAL VALUES
istep      isubin     jter       u          fnew
eppnew     tsg        ysc        akp        mstat
  4.00   3.00   2.00   0.00 2620000.00
  0.00 262000000.00   0.00 460000000.00   1.00
FINAL VALUES
istep      isubin     jter       u          fnew
eppnew     tsg        ysc        akp        mstat
  4.00   4.00   2.00   0.00 1960000.00
  0.00 196000000.00   0.00 460000000.00   1.00
FINAL VALUES
istep      isubin     jter       u          fnew
eppnew     tsg        ysc        akp        mstat
  4.00   5.00   2.00   0.00 1300000.00
  0.00 130000000.00   0.00 460000000.00   1.00
FINAL VALUES
istep      isubin     jter       u          fnew
eppnew     tsg        ysc        akp        mstat
  4.00   6.00   2.00   0.00 640000.00
  0.00 64000000.00   0.00 460000000.00   1.00
FINAL VALUES
istep      isubin     jter       u          fnew
eppnew     tsg        ysc        akp        mstat
  4.00   7.00   2.00   0.00 -20000.00
  0.00 -2000000.00   0.00 460000000.00   1.00
FINAL VALUES
istep      isubin     jter       u          fnew
eppnew     tsg        ysc        akp        mstat
  4.00   8.00   2.00   0.00 -680000.00
  0.00 -68000000.00   0.00 460000000.00   1.00
FINAL VALUES
istep      isubin     jter       u          fnew
eppnew     tsg        ysc        akp        mstat
  4.00   9.00   2.00   0.00 -1340000.00
  0.00 -134000000.00   0.00 460000000.00   1.00
FINAL VALUES
istep      isubin     jter       u          fnew
eppnew     tsg        ysc        akp        mstat
  4.00  10.00   2.00   0.00 -2000000.00
  0.00 -200000000.00   0.00 460000000.00   1.00
FINAL VALUES
istep      isubin     jter       u          fnew
eppnew     tsg        ysc        akp        mstat
  5.00   1.00   2.00   0.00 -2300000.00
  0.00 -230000000.00   0.00 460000000.00   1.00
FINAL VALUES
istep      isubin     jter       u          fnew
eppnew     tsg        ysc        akp        mstat
  5.00   2.00   2.00   0.00 -2600000.00
  0.00 -260000000.00   0.00 460000000.00   1.00
FINAL VALUES
istep      isubin     jter       u          fnew
eppnew     tsg        ysc        akp        mstat
  5.00   3.00   2.00   0.00 -2900000.00
  0.00 -290000000.00   0.00 460000000.00   1.00
FINAL VALUES
istep      isubin     jter       u          fnew
eppnew     tsg        ysc        akp        mstat
  5.00   4.00   2.00   0.00 -3200000.00
  0.00 -320000000.00   0.00 460000000.00   1.00
FINAL VALUES
istep      isubin     jter       u          fnew
eppnew     tsg        ysc        akp        mstat
  5.00   5.00   2.00   0.00 -3500000.00
  0.00 -350000000.00   0.00 460000000.00   1.00
FINAL VALUES
istep      isubin     jter       u          fnew
eppnew     tsg        ysc        akp        mstat
  5.00   6.00   2.00   0.00 -3800000.00
  0.00 -380000000.00   0.00 460000000.00   1.00
FINAL VALUES
istep      isubin     jter       u          fnew
eppnew     tsg        ysc        akp        mstat
  5.00   7.00   2.00   0.00 -4100000.00
  0.00 -410000000.00   0.00 460000000.00   1.00
FINAL VALUES
istep      isubin     jter       u          fnew
eppnew     tsg        ysc        akp        mstat
  5.00   8.00   2.00   0.00 -4400000.00
  0.00 -440000000.00   0.00 460000000.00   1.00
FINAL VALUES
istep      isubin     jter       u          fnew
eppnew     tsg        ysc        akp        mstat
  5.00   9.00   3.00  -0.00 -4700000.00
 -0.00 -470000000.00   0.00 470000000.00   2.00
FINAL VALUES
istep      isubin     jter       u          fnew
eppnew     tsg        ysc        akp        mstat
  5.00  10.00   3.00  -0.00 -5000000.00
 -0.00 -500000000.00   0.00 500000000.00   2.00
FINAL VALUES
istep      isubin     jter       u          fnew
eppnew     tsg        ysc        akp        mstat
  6.00   1.00   2.00  -0.00 -4200000.00
 -0.00 -420000000.00   0.00 500000000.00   1.00
FINAL VALUES
istep      isubin     jter       u          fnew
eppnew     tsg        ysc        akp        mstat
  6.00   2.00   2.00  -0.00 -3400000.00
 -0.00 -340000000.00   0.00 500000000.00   1.00
FINAL VALUES
istep      isubin     jter       u          fnew
eppnew     tsg        ysc        akp        mstat
  6.00   3.00   2.00  -0.00 -2600000.00
 -0.00 -260000000.00   0.00 500000000.00   1.00
FINAL VALUES
istep      isubin     jter       u          fnew
eppnew     tsg        ysc        akp        mstat
  6.00   4.00   2.00  -0.00 -1800000.00
 -0.00 -180000000.00   0.00 500000000.00   1.00
FINAL VALUES
istep      isubin     jter       u          fnew
eppnew     tsg        ysc        akp        mstat
  6.00   5.00   2.00   0.00 -1000000.00
  0.00 -100000000.00   0.00 500000000.00   1.00
FINAL VALUES
istep      isubin     jter       u          fnew
eppnew     tsg        ysc        akp        mstat
  6.00   6.00   2.00   0.00 -200000.00
  0.00 -20000000.00   0.00 500000000.00   1.00
FINAL VALUES
istep      isubin     jter       u          fnew
eppnew     tsg        ysc        akp        mstat
  6.00   7.00   2.00   0.00 600000.00
  0.00 60000000.00   0.00 500000000.00   1.00
FINAL VALUES
istep      isubin     jter       u          fnew
eppnew     tsg        ysc        akp        mstat
  6.00   8.00   2.00   0.00 1400000.00
  0.00 140000000.00   0.00 500000000.00   1.00
FINAL VALUES
istep      isubin     jter       u          fnew
eppnew     tsg        ysc        akp        mstat
  6.00   9.00   2.00   0.00 2200000.00
  0.00 220000000.00   0.00 500000000.00   1.00
FINAL VALUES
istep      isubin     jter       u          fnew
eppnew     tsg        ysc        akp        mstat
  6.00  10.00   2.00   0.00 3000000.00
  0.00 300000000.00   0.00 500000000.00   1.00
FINAL VALUES
istep      isubin     jter       u          fnew
eppnew     tsg        ysc        akp        mstat
  7.00   1.00   2.00   0.00 3260000.00
  0.00 326000000.00   0.00 500000000.00   1.00
FINAL VALUES
istep      isubin     jter       u          fnew
eppnew     tsg        ysc        akp        mstat
  7.00   2.00   2.00   0.00 3520000.00
  0.00 352000000.00   0.00 500000000.00   1.00
FINAL VALUES
istep      isubin     jter       u          fnew
eppnew     tsg        ysc        akp        mstat
  7.00   3.00   2.00   0.00 3780000.00
  0.00 378000000.00   0.00 500000000.00   1.00
FINAL VALUES
istep      isubin     jter       u          fnew
eppnew     tsg        ysc        akp        mstat
  7.00   4.00   2.00   0.00 4040000.00
  0.00 404000000.00   0.00 500000000.00   1.00
FINAL VALUES
istep      isubin     jter       u          fnew
eppnew     tsg        ysc        akp        mstat
  7.00   5.00   2.00   0.00 4300000.00
  0.00 430000000.00   0.00 500000000.00   1.00
FINAL VALUES
istep      isubin     jter       u          fnew
eppnew     tsg        ysc        akp        mstat
  7.00   6.00   2.00   0.00 4560000.00
  0.00 456000000.00   0.00 500000000.00   1.00
FINAL VALUES
istep      isubin     jter       u          fnew
eppnew     tsg        ysc        akp        mstat
  7.00   7.00   2.00   0.00 4820000.00
  0.00 482000000.00   0.00 500000000.00   1.00
FINAL VALUES
istep      isubin     jter       u          fnew
eppnew     tsg        ysc        akp        mstat
  7.00   8.00   3.00   0.00 5080000.00
  0.00 508000000.00   0.00 508000000.00   2.00
FINAL VALUES
istep      isubin     jter       u          fnew
eppnew     tsg        ysc        akp        mstat
  7.00   9.00   3.00   0.01 5340000.00
  0.01 534000000.00   0.00 534000000.00   2.00
FINAL VALUES
istep      isubin     jter       u          fnew
eppnew     tsg        ysc        akp        mstat
  7.00  10.00   3.00   0.01 5600000.00
  0.01 560000000.00   0.00 560000000.00   2.00
