1
0
1
ASSEMBLY
1
PART-1-1
PART-1
1
PART-1-1
20
1 1
2 2
3 3
4 4
5 5
6 6
7 7
8 8
9 9
10 10
11 11
12 12
13 13
14 14
15 15
16 16
17 17
18 18
19 19
20 20
1 1
2 2
3 3
4 4
5 5
6 6
7 7
8 8
9 9
10 10
11 11
12 12
13 13
14 14
15 15
16 16
17 17
18 18
19 19
20 20
0
1
PART-1-1
1
1 1
1 1
0
1
SET-2
0
1
0
1
PART-1-1
1
1 
0
1
PART-1-1
1
SET-1
0
1
1
1 
0
0
0
3
CENTRENODES
0
1
0
1
PART-1-1
4
12 13 17 18 
0
CORNERNODES
0
1
0
1
PART-1-1
4
1 2 5 6 
0
SET-2
0
1
0
1
PART-1-1
8
3 4 7 8 10 15 19 20 
0
1
PART-1-1
1
SET-1
0
1
20
1 2 3 4 5 6 7 8 9 10 11 12 13 14 15 16 17 18 19 20 
0
0
0
0
0
